{"/Users/sebastian.otalora/Documents/ReactNative/PruebaTecnica/flyers-API/src/Controllers/index.ts": {"path":"/Users/sebastian.otalora/Documents/ReactNative/PruebaTecnica/flyers-API/src/Controllers/index.ts","statementMap":{"0":{"start":{"line":1,"column":0},"end":{"line":21,"column":0}},"1":{"start":{"line":1,"column":0},"end":{"line":1,"column":37}},"2":{"start":{"line":4,"column":13},"end":{"line":21,"column":1}},"3":{"start":{"line":6,"column":21},"end":{"line":6,"column":42}},"4":{"start":{"line":6,"column":14},"end":{"line":6,"column":42}},"5":{"start":{"line":7,"column":8},"end":{"line":7,"column":22}},"6":{"start":{"line":10,"column":21},"end":{"line":10,"column":45}},"7":{"start":{"line":10,"column":14},"end":{"line":10,"column":45}},"8":{"start":{"line":11,"column":8},"end":{"line":11,"column":22}},"9":{"start":{"line":14,"column":21},"end":{"line":14,"column":57}},"10":{"start":{"line":14,"column":14},"end":{"line":14,"column":57}},"11":{"start":{"line":15,"column":8},"end":{"line":15,"column":22}},"12":{"start":{"line":18,"column":21},"end":{"line":18,"column":56}},"13":{"start":{"line":18,"column":14},"end":{"line":18,"column":56}},"14":{"start":{"line":19,"column":8},"end":{"line":19,"column":22}}},"fnMap":{"0":{"name":"(anonymous_12)","decl":{"start":{"line":5,"column":10},"end":{"line":5,"column":16}},"loc":{"start":{"line":5,"column":44},"end":{"line":8,"column":5}}},"1":{"name":"(anonymous_15)","decl":{"start":{"line":9,"column":13},"end":{"line":9,"column":19}},"loc":{"start":{"line":9,"column":47},"end":{"line":12,"column":5}}},"2":{"name":"(anonymous_18)","decl":{"start":{"line":13,"column":12},"end":{"line":13,"column":18}},"loc":{"start":{"line":13,"column":46},"end":{"line":16,"column":5}}},"3":{"name":"(anonymous_21)","decl":{"start":{"line":17,"column":18},"end":{"line":17,"column":24}},"loc":{"start":{"line":17,"column":52},"end":{"line":20,"column":5}}}},"branchMap":{},"s":{"0":1,"1":1,"2":1,"3":1,"4":1,"5":1,"6":2,"7":0,"8":0,"9":0,"10":0,"11":0,"12":0,"13":0,"14":0},"f":{"0":1,"1":2,"2":0,"3":0},"b":{}}
,"/Users/sebastian.otalora/Documents/ReactNative/PruebaTecnica/flyers-API/src/Services/index.ts": {"path":"/Users/sebastian.otalora/Documents/ReactNative/PruebaTecnica/flyers-API/src/Services/index.ts","statementMap":{"0":{"start":{"line":1,"column":0},"end":{"line":31,"column":0}},"1":{"start":{"line":1,"column":0},"end":{"line":1,"column":48}},"2":{"start":{"line":2,"column":13},"end":{"line":31,"column":1}},"3":{"start":{"line":4,"column":8},"end":{"line":4,"column":29}},"4":{"start":{"line":8,"column":25},"end":{"line":8,"column":44}},"5":{"start":{"line":8,"column":18},"end":{"line":8,"column":44}},"6":{"start":{"line":9,"column":12},"end":{"line":9,"column":23}},"7":{"start":{"line":11,"column":12},"end":{"line":11,"column":57}},"8":{"start":{"line":16,"column":25},"end":{"line":16,"column":56}},"9":{"start":{"line":16,"column":18},"end":{"line":16,"column":56}},"10":{"start":{"line":17,"column":12},"end":{"line":17,"column":23}},"11":{"start":{"line":19,"column":12},"end":{"line":19,"column":54}},"12":{"start":{"line":24,"column":25},"end":{"line":24,"column":71}},"13":{"start":{"line":24,"column":18},"end":{"line":24,"column":71}},"14":{"start":{"line":25,"column":12},"end":{"line":25,"column":23}},"15":{"start":{"line":27,"column":12},"end":{"line":27,"column":53}}},"fnMap":{"0":{"name":"(anonymous_12)","decl":{"start":{"line":3,"column":10},"end":{"line":null,"column":-1}},"loc":{"start":{"line":3,"column":10},"end":{"line":5,"column":5}}},"1":{"name":"(anonymous_15)","decl":{"start":{"line":6,"column":13},"end":{"line":null,"column":-1}},"loc":{"start":{"line":6,"column":13},"end":{"line":13,"column":5}}},"2":{"name":"(anonymous_18)","decl":{"start":{"line":14,"column":12},"end":{"line":14,"column":18}},"loc":{"start":{"line":14,"column":32},"end":{"line":21,"column":5}}},"3":{"name":"(anonymous_21)","decl":{"start":{"line":22,"column":16},"end":{"line":22,"column":22}},"loc":{"start":{"line":22,"column":34},"end":{"line":29,"column":5}}}},"branchMap":{},"s":{"0":1,"1":1,"2":1,"3":1,"4":2,"5":0,"6":0,"7":0,"8":0,"9":0,"10":0,"11":0,"12":0,"13":0,"14":0,"15":0},"f":{"0":1,"1":2,"2":0,"3":0},"b":{}}
,"/Users/sebastian.otalora/Documents/ReactNative/PruebaTecnica/flyers-API/src/models/Schema/Flights.ts": {"path":"/Users/sebastian.otalora/Documents/ReactNative/PruebaTecnica/flyers-API/src/models/Schema/Flights.ts","statementMap":{"0":{"start":{"line":1,"column":0},"end":{"line":1,"column":56}},"1":{"start":{"line":5,"column":13},"end":{"line":28,"column":43}},"2":{"start":{"line":30,"column":13},"end":{"line":30,"column":84}}},"fnMap":{},"branchMap":{},"s":{"0":1,"1":1,"2":1},"f":{},"b":{}}
,"/Users/sebastian.otalora/Documents/ReactNative/PruebaTecnica/flyers-API/src/routes/index.ts": {"path":"/Users/sebastian.otalora/Documents/ReactNative/PruebaTecnica/flyers-API/src/routes/index.ts","statementMap":{"0":{"start":{"line":1,"column":0},"end":{"line":1,"column":42}},"1":{"start":{"line":3,"column":13},"end":{"line":24,"column":1}}},"fnMap":{},"branchMap":{},"s":{"0":1,"1":1},"f":{},"b":{}}
}
