TN:
SF:/Users/sebastian.otalora/Documents/ReactNative/PruebaTecnica/flyers-API/src/Controllers/index.ts
FN:5,(anonymous_12)
FN:9,(anonymous_15)
FN:13,(anonymous_18)
FN:17,(anonymous_21)
FNF:4
FNH:2
FNDA:1,(anonymous_12)
FNDA:2,(anonymous_15)
FNDA:0,(anonymous_18)
FNDA:0,(anonymous_21)
DA:1,1
DA:4,1
DA:6,1
DA:7,1
DA:10,2
DA:11,0
DA:14,0
DA:15,0
DA:18,0
DA:19,0
LF:10
LH:5
BRF:0
BRH:0
end_of_record
TN:
SF:/Users/sebastian.otalora/Documents/ReactNative/PruebaTecnica/flyers-API/src/Services/index.ts
FN:3,(anonymous_12)
FN:6,(anonymous_15)
FN:14,(anonymous_18)
FN:22,(anonymous_21)
FNF:4
FNH:2
FNDA:1,(anonymous_12)
FNDA:2,(anonymous_15)
FNDA:0,(anonymous_18)
FNDA:0,(anonymous_21)
DA:1,1
DA:2,1
DA:4,1
DA:8,2
DA:9,0
DA:11,0
DA:16,0
DA:17,0
DA:19,0
DA:24,0
DA:25,0
DA:27,0
LF:12
LH:4
BRF:0
BRH:0
end_of_record
TN:
SF:/Users/sebastian.otalora/Documents/ReactNative/PruebaTecnica/flyers-API/src/models/Schema/Flights.ts
FNF:0
FNH:0
DA:1,1
DA:5,1
DA:30,1
LF:3
LH:3
BRF:0
BRH:0
end_of_record
TN:
SF:/Users/sebastian.otalora/Documents/ReactNative/PruebaTecnica/flyers-API/src/routes/index.ts
FNF:0
FNH:0
DA:1,1
DA:3,1
LF:2
LH:2
BRF:0
BRH:0
end_of_record
